[2015/07/25 21:59:05] Called Method [readCSVFile] class:ReadDocument
[2015/07/25 21:59:05] Called Method [getSentence] class:ReadDocument
[2015/07/25 21:59:06] アプリ起動
[2015/07/25 21:59:07] ゲーム開始
[2015/07/25 22:01:01] Called Method [readCSVFile] class:ReadDocument
[2015/07/25 22:01:01] Called Method [getSentence] class:ReadDocument
[2015/07/25 22:01:01] ゲームリセット
[2015/07/25 22:01:01] ゲーム終了
[2015/07/25 22:04:58] Called Method [readCSVFile] class:ReadDocument
[2015/07/25 22:04:58] Called Method [getSentence] class:ReadDocument
[2015/07/25 22:04:59] アプリ起動
[2015/07/25 22:05:00] ゲーム開始
[2015/07/25 22:06:38] ゲーム終了
[2015/07/25 22:06:46] Called Method [readCSVFile] class:ReadDocument
[2015/07/25 22:06:46] Called Method [getSentence] class:ReadDocument
[2015/07/25 22:06:46] ゲームリセット
[2015/07/25 22:28:21] Called Method [readCSVFile] class:ReadDocument
[2015/07/25 22:28:21] Called Method [getSentence] class:ReadDocument
[2015/07/25 22:28:22] アプリ起動
[2015/07/25 22:28:23] ゲーム開始
[2015/07/25 22:30:04] Called Method [readCSVFile] class:ReadDocument
[2015/07/25 22:30:04] Called Method [getSentence] class:ReadDocument
[2015/07/25 22:30:04] ゲームリセット
[2015/07/25 22:30:04] ゲーム終了
